[2024-04-02 10:38:21:781][main] DEBUG o.s.w.c.s.GenericWebApplicationContext - Refreshing org.springframework.web.context.support.GenericWebApplicationContext@3044e9c7
[2024-04-02 10:38:22:2116][main] DEBUG o.s.w.s.m.m.a.RequestMappingHandlerMapping - 37 mappings in 'requestMappingHandlerMapping'
[2024-04-02 10:38:22:2236][main] DEBUG o.s.w.s.h.SimpleUrlHandlerMapping - Patterns [/webjars/**, /**, /imgs/**, /logs/**] in 'resourceHandlerMapping'
[2024-04-02 10:38:22:2284][main] DEBUG o.s.w.s.m.m.a.RequestMappingHandlerAdapter - ControllerAdvice beans: 0 @ModelAttribute, 0 @InitBinder, 1 RequestBodyAdvice, 1 ResponseBodyAdvice
[2024-04-02 10:38:22:2358][main] DEBUG o.s.w.s.m.m.a.ExceptionHandlerExceptionResolver - ControllerAdvice beans: 0 @ExceptionHandler, 1 ResponseBodyAdvice
[2024-04-02 10:38:23:3097][SpringApplicationShutdownHook] DEBUG o.s.w.c.s.GenericWebApplicationContext - Closing org.springframework.web.context.support.GenericWebApplicationContext@3044e9c7, started on Tue Apr 02 10:38:21 KST 2024
[2024-04-02 10:41:59:1555][main] DEBUG o.s.w.s.m.m.a.RequestMappingHandlerMapping - 37 mappings in 'requestMappingHandlerMapping'
[2024-04-02 10:41:59:1596][main] DEBUG o.s.w.s.h.SimpleUrlHandlerMapping - Patterns [/webjars/**, /**, /imgs/**, /logs/**] in 'resourceHandlerMapping'
[2024-04-02 10:41:59:1608][main] DEBUG o.s.w.s.m.m.a.RequestMappingHandlerAdapter - ControllerAdvice beans: 0 @ModelAttribute, 0 @InitBinder, 1 RequestBodyAdvice, 1 ResponseBodyAdvice
[2024-04-02 10:41:59:1622][main] DEBUG o.s.w.s.m.m.a.ExceptionHandlerExceptionResolver - ControllerAdvice beans: 0 @ExceptionHandler, 1 ResponseBodyAdvice
[2024-04-02 10:42:11:13461][http-nio-80-exec-1] INFO  o.s.web.servlet.DispatcherServlet - Initializing Servlet 'dispatcherServlet'
[2024-04-02 10:42:11:13461][http-nio-80-exec-1] DEBUG o.s.web.servlet.DispatcherServlet - Detected StandardServletMultipartResolver
[2024-04-02 10:42:11:13461][http-nio-80-exec-1] DEBUG o.s.web.servlet.DispatcherServlet - Detected AcceptHeaderLocaleResolver
[2024-04-02 10:42:11:13461][http-nio-80-exec-1] DEBUG o.s.web.servlet.DispatcherServlet - Detected FixedThemeResolver
[2024-04-02 10:42:11:13461][http-nio-80-exec-1] DEBUG o.s.web.servlet.DispatcherServlet - Detected org.springframework.web.servlet.view.DefaultRequestToViewNameTranslator@77ebbeb
[2024-04-02 10:42:11:13465][http-nio-80-exec-1] DEBUG o.s.web.servlet.DispatcherServlet - Detected org.springframework.web.servlet.support.SessionFlashMapManager@4eb0589c
[2024-04-02 10:42:11:13466][http-nio-80-exec-1] DEBUG o.s.web.servlet.DispatcherServlet - enableLoggingRequestDetails='false': request parameters and headers will be masked to prevent unsafe logging of potentially sensitive data
[2024-04-02 10:42:11:13467][http-nio-80-exec-1] INFO  o.s.web.servlet.DispatcherServlet - Completed initialization in 6 ms
[2024-04-02 10:42:11:13476][http-nio-80-exec-1] DEBUG o.s.web.servlet.DispatcherServlet - GET "/", parameters={}
[2024-04-02 10:42:11:13494][http-nio-80-exec-1] DEBUG o.s.w.s.m.m.a.RequestMappingHandlerMapping - Mapped to com.hana.controller.MainController#main()
[2024-04-02 10:42:11:13531][http-nio-80-exec-1] DEBUG o.s.w.s.v.ContentNegotiatingViewResolver - Selected 'text/html' given [text/html, application/xhtml+xml, image/avif, image/webp, image/apng, application/xml;q=0.9, */*;q=0.8, application/signed-exchange;v=b3;q=0.7]
[2024-04-02 10:42:11:13532][http-nio-80-exec-1] DEBUG o.s.web.servlet.view.JstlView - View name 'index', model {}
[2024-04-02 10:42:11:13541][http-nio-80-exec-1] DEBUG o.s.web.servlet.view.JstlView - Forwarding to [/views/index.jsp]
[2024-04-02 10:42:13:15900][http-nio-80-exec-1] DEBUG o.s.web.servlet.DispatcherServlet - Completed 200 OK
[2024-04-02 10:42:14:15945][http-nio-80-exec-9] DEBUG o.s.web.servlet.DispatcherServlet - GET "/js/0327.js;jsessionid=CD4EE97F37150C40946B0E9E3B79616C", parameters={}
[2024-04-02 10:42:14:15951][http-nio-80-exec-9] DEBUG o.s.w.s.h.SimpleUrlHandlerMapping - Mapped to ResourceHttpRequestHandler [classpath [META-INF/resources/], classpath [resources/], classpath [static/], classpath [public/], ServletContext [/]]
[2024-04-02 10:42:14:15987][http-nio-80-exec-9] DEBUG o.s.web.servlet.DispatcherServlet - Completed 200 OK
[2024-04-02 10:42:15:17085][http-nio-80-exec-4] DEBUG o.s.web.servlet.DispatcherServlet - GET "/favicon.ico", parameters={}
[2024-04-02 10:42:15:17088][http-nio-80-exec-4] DEBUG o.s.w.s.h.SimpleUrlHandlerMapping - Mapped to ResourceHttpRequestHandler [classpath [META-INF/resources/], classpath [resources/], classpath [static/], classpath [public/], ServletContext [/]]
[2024-04-02 10:42:15:17091][http-nio-80-exec-4] DEBUG o.s.w.s.r.ResourceHttpRequestHandler - Resource not found
[2024-04-02 10:42:15:17108][http-nio-80-exec-4] DEBUG o.s.w.s.m.s.DefaultHandlerExceptionResolver - Resolved [org.springframework.web.servlet.resource.NoResourceFoundException: No static resource favicon.ico.]
[2024-04-02 10:42:15:17109][http-nio-80-exec-4] DEBUG o.s.web.servlet.DispatcherServlet - Completed 404 NOT_FOUND
[2024-04-02 10:42:15:17110][http-nio-80-exec-4] DEBUG o.s.web.servlet.DispatcherServlet - "ERROR" dispatch for GET "/error", parameters={}
[2024-04-02 10:42:15:17113][http-nio-80-exec-4] DEBUG o.s.w.s.m.m.a.RequestMappingHandlerMapping - Mapped to org.springframework.boot.autoconfigure.web.servlet.error.BasicErrorController#error(HttpServletRequest)
[2024-04-02 10:42:15:17136][http-nio-80-exec-4] DEBUG o.s.w.s.m.m.a.HttpEntityMethodProcessor - Using 'application/json;q=0.8', given [image/avif, image/webp, image/apng, image/svg+xml, image/*, */*;q=0.8] and supported [application/json, application/*+json]
[2024-04-02 10:42:15:17136][http-nio-80-exec-4] DEBUG o.s.w.s.m.m.a.HttpEntityMethodProcessor - Writing [{timestamp=Tue Apr 02 10:42:15 KST 2024, status=404, error=Not Found, path=/favicon.ico}]
[2024-04-02 10:42:15:17221][http-nio-80-exec-4] DEBUG o.s.web.servlet.DispatcherServlet - Exiting from "ERROR" dispatch, status 404
[2024-04-02 10:42:16:18760][http-nio-80-exec-5] DEBUG o.s.web.servlet.DispatcherServlet - GET "/login;jsessionid=CD4EE97F37150C40946B0E9E3B79616C", parameters={}
[2024-04-02 10:42:16:18760][http-nio-80-exec-5] DEBUG o.s.w.s.m.m.a.RequestMappingHandlerMapping - Mapped to com.hana.controller.MainController#login(Model)
[2024-04-02 10:42:16:18762][http-nio-80-exec-5] DEBUG o.s.w.s.v.ContentNegotiatingViewResolver - Selected 'text/html' given [text/html, application/xhtml+xml, image/avif, image/webp, image/apng, application/xml;q=0.9, */*;q=0.8, application/signed-exchange;v=b3;q=0.7]
[2024-04-02 10:42:16:18763][http-nio-80-exec-5] DEBUG o.s.web.servlet.view.JstlView - View name 'index', model {center=login}
[2024-04-02 10:42:16:18764][http-nio-80-exec-5] DEBUG o.s.web.servlet.view.JstlView - Forwarding to [/views/index.jsp]
[2024-04-02 10:42:17:18975][http-nio-80-exec-5] DEBUG o.s.web.servlet.DispatcherServlet - Completed 200 OK
[2024-04-02 10:42:17:18999][http-nio-80-exec-2] DEBUG o.s.web.servlet.DispatcherServlet - GET "/js/0327.js", parameters={}
[2024-04-02 10:42:17:19002][http-nio-80-exec-2] DEBUG o.s.w.s.h.SimpleUrlHandlerMapping - Mapped to ResourceHttpRequestHandler [classpath [META-INF/resources/], classpath [resources/], classpath [static/], classpath [public/], ServletContext [/]]
[2024-04-02 10:42:17:19005][http-nio-80-exec-2] DEBUG o.s.web.servlet.DispatcherServlet - Completed 304 NOT_MODIFIED
[2024-04-02 10:42:24:26705][http-nio-80-exec-6] DEBUG o.s.web.servlet.DispatcherServlet - POST "/loginimpl", parameters={masked}
[2024-04-02 10:42:24:26705][http-nio-80-exec-6] DEBUG o.s.w.s.m.m.a.RequestMappingHandlerMapping - Mapped to com.hana.controller.MainController#loginimpl(Model, String, String, HttpSession)
[2024-04-02 10:42:24:26729][http-nio-80-exec-6] DEBUG o.s.w.s.v.ContentNegotiatingViewResolver - Selected 'text/html' given [text/html, application/xhtml+xml, image/avif, image/webp, image/apng, application/xml;q=0.9, */*;q=0.8, application/signed-exchange;v=b3;q=0.7]
[2024-04-02 10:42:24:26729][http-nio-80-exec-6] DEBUG o.s.web.servlet.view.JstlView - View name 'index', model {}
[2024-04-02 10:42:24:26729][http-nio-80-exec-6] DEBUG o.s.web.servlet.view.JstlView - Forwarding to [/views/index.jsp]
[2024-04-02 10:42:24:26729][http-nio-80-exec-6] DEBUG o.s.web.servlet.DispatcherServlet - Completed 200 OK
[2024-04-02 10:42:30:32185][http-nio-80-exec-7] DEBUG o.s.web.servlet.DispatcherServlet - GET "/logout", parameters={}
[2024-04-02 10:42:30:32185][http-nio-80-exec-7] DEBUG o.s.w.s.m.m.a.RequestMappingHandlerMapping - Mapped to com.hana.controller.MainController#logout(Model, HttpSession)
[2024-04-02 10:42:30:32186][http-nio-80-exec-7] DEBUG o.s.w.s.v.ContentNegotiatingViewResolver - Selected 'text/html' given [text/html, application/xhtml+xml, image/avif, image/webp, image/apng, application/xml;q=0.9, */*;q=0.8, application/signed-exchange;v=b3;q=0.7]
[2024-04-02 10:42:30:32186][http-nio-80-exec-7] DEBUG o.s.web.servlet.view.JstlView - View name 'index', model {}
[2024-04-02 10:42:30:32186][http-nio-80-exec-7] DEBUG o.s.web.servlet.view.JstlView - Forwarding to [/views/index.jsp]
[2024-04-02 10:42:30:32188][http-nio-80-exec-7] DEBUG o.s.web.servlet.DispatcherServlet - Completed 200 OK
[2024-04-02 10:42:31:33291][http-nio-80-exec-8] DEBUG o.s.web.servlet.DispatcherServlet - GET "/login", parameters={}
[2024-04-02 10:42:31:33292][http-nio-80-exec-8] DEBUG o.s.w.s.m.m.a.RequestMappingHandlerMapping - Mapped to com.hana.controller.MainController#login(Model)
[2024-04-02 10:42:31:33294][http-nio-80-exec-8] DEBUG o.s.w.s.v.ContentNegotiatingViewResolver - Selected 'text/html' given [text/html, application/xhtml+xml, image/avif, image/webp, image/apng, application/xml;q=0.9, */*;q=0.8, application/signed-exchange;v=b3;q=0.7]
[2024-04-02 10:42:31:33294][http-nio-80-exec-8] DEBUG o.s.web.servlet.view.JstlView - View name 'index', model {center=login}
[2024-04-02 10:42:31:33294][http-nio-80-exec-8] DEBUG o.s.web.servlet.view.JstlView - Forwarding to [/views/index.jsp]
[2024-04-02 10:42:31:33296][http-nio-80-exec-8] DEBUG o.s.web.servlet.DispatcherServlet - Completed 200 OK
[2024-04-02 10:42:34:36572][http-nio-80-exec-3] DEBUG o.s.web.servlet.DispatcherServlet - POST "/loginimpl", parameters={masked}
[2024-04-02 10:42:34:36572][http-nio-80-exec-3] DEBUG o.s.w.s.m.m.a.RequestMappingHandlerMapping - Mapped to com.hana.controller.MainController#loginimpl(Model, String, String, HttpSession)
[2024-04-02 10:42:34:36575][http-nio-80-exec-3] DEBUG o.s.w.s.v.ContentNegotiatingViewResolver - Selected 'text/html' given [text/html, application/xhtml+xml, image/avif, image/webp, image/apng, application/xml;q=0.9, */*;q=0.8, application/signed-exchange;v=b3;q=0.7]
[2024-04-02 10:42:34:36575][http-nio-80-exec-3] DEBUG o.s.web.servlet.view.JstlView - View name 'index', model {}
[2024-04-02 10:42:34:36575][http-nio-80-exec-3] DEBUG o.s.web.servlet.view.JstlView - Forwarding to [/views/index.jsp]
[2024-04-02 10:42:34:36576][http-nio-80-exec-3] DEBUG o.s.web.servlet.DispatcherServlet - Completed 200 OK
[2024-04-02 11:04:44:1366392][http-nio-80-exec-1] DEBUG o.s.web.servlet.DispatcherServlet - GET "/logout", parameters={}
[2024-04-02 11:04:44:1366393][http-nio-80-exec-1] DEBUG o.s.w.s.m.m.a.RequestMappingHandlerMapping - Mapped to com.hana.controller.MainController#logout(Model, HttpSession)
[2024-04-02 11:04:44:1366394][http-nio-80-exec-1] DEBUG o.s.w.s.v.ContentNegotiatingViewResolver - Selected 'text/html' given [text/html, application/xhtml+xml, image/avif, image/webp, image/apng, application/xml;q=0.9, */*;q=0.8, application/signed-exchange;v=b3;q=0.7]
[2024-04-02 11:04:44:1366394][http-nio-80-exec-1] DEBUG o.s.web.servlet.view.JstlView - View name 'index', model {}
[2024-04-02 11:04:44:1366394][http-nio-80-exec-1] DEBUG o.s.web.servlet.view.JstlView - Forwarding to [/views/index.jsp]
[2024-04-02 11:04:44:1366396][http-nio-80-exec-1] DEBUG o.s.web.servlet.DispatcherServlet - Completed 200 OK
[2024-04-02 14:07:58:669][main] DEBUG o.s.w.c.s.GenericWebApplicationContext - Refreshing org.springframework.web.context.support.GenericWebApplicationContext@6fe46b62
[2024-04-02 14:07:59:1453][main] WARN  o.s.w.c.s.GenericWebApplicationContext - Exception encountered during context initialization - cancelling refresh attempt: org.springframework.beans.factory.UnsatisfiedDependencyException: Error creating bean with name 'custService': Unsatisfied dependency expressed through field 'custRepository': Error creating bean with name 'custRepository' defined in file [C:\hanaspring\sb2\out\production\classes\com\hana\app\repository\CustRepository.class]: Cannot resolve reference to bean 'sqlSessionTemplate' while setting bean property 'sqlSessionTemplate'
[2024-04-02 14:17:58:700][main] DEBUG o.s.w.c.s.GenericWebApplicationContext - Refreshing org.springframework.web.context.support.GenericWebApplicationContext@17ca8b92
[2024-04-02 14:18:00:2061][main] DEBUG o.s.w.s.m.m.a.RequestMappingHandlerMapping - 37 mappings in 'requestMappingHandlerMapping'
[2024-04-02 14:18:00:2166][main] DEBUG o.s.w.s.h.SimpleUrlHandlerMapping - Patterns [/webjars/**, /**, /imgs/**, /logs/**] in 'resourceHandlerMapping'
[2024-04-02 14:18:00:2222][main] DEBUG o.s.w.s.m.m.a.RequestMappingHandlerAdapter - ControllerAdvice beans: 0 @ModelAttribute, 0 @InitBinder, 1 RequestBodyAdvice, 1 ResponseBodyAdvice
[2024-04-02 14:18:00:2264][main] DEBUG o.s.w.s.m.m.a.ExceptionHandlerExceptionResolver - ControllerAdvice beans: 0 @ExceptionHandler, 1 ResponseBodyAdvice
[2024-04-02 14:18:02:4388][SpringApplicationShutdownHook] DEBUG o.s.w.c.s.GenericWebApplicationContext - Closing org.springframework.web.context.support.GenericWebApplicationContext@17ca8b92, started on Tue Apr 02 14:17:58 KST 2024
[2024-04-02 14:23:16:741][main] DEBUG o.s.w.c.s.GenericWebApplicationContext - Refreshing org.springframework.web.context.support.GenericWebApplicationContext@17ca8b92
[2024-04-02 14:23:18:2029][main] DEBUG o.s.w.s.m.m.a.RequestMappingHandlerMapping - 37 mappings in 'requestMappingHandlerMapping'
[2024-04-02 14:23:18:2142][main] DEBUG o.s.w.s.h.SimpleUrlHandlerMapping - Patterns [/webjars/**, /**, /imgs/**, /logs/**] in 'resourceHandlerMapping'
[2024-04-02 14:23:18:2180][main] DEBUG o.s.w.s.m.m.a.RequestMappingHandlerAdapter - ControllerAdvice beans: 0 @ModelAttribute, 0 @InitBinder, 1 RequestBodyAdvice, 1 ResponseBodyAdvice
[2024-04-02 14:23:18:2240][main] DEBUG o.s.w.s.m.m.a.ExceptionHandlerExceptionResolver - ControllerAdvice beans: 0 @ExceptionHandler, 1 ResponseBodyAdvice
[2024-04-02 14:23:20:4301][SpringApplicationShutdownHook] DEBUG o.s.w.c.s.GenericWebApplicationContext - Closing org.springframework.web.context.support.GenericWebApplicationContext@17ca8b92, started on Tue Apr 02 14:23:16 KST 2024
[2024-04-02 14:24:46:703][main] DEBUG o.s.w.c.s.GenericWebApplicationContext - Refreshing org.springframework.web.context.support.GenericWebApplicationContext@17ca8b92
[2024-04-02 14:24:48:1984][main] DEBUG o.s.w.s.m.m.a.RequestMappingHandlerMapping - 37 mappings in 'requestMappingHandlerMapping'
[2024-04-02 14:24:48:2086][main] DEBUG o.s.w.s.h.SimpleUrlHandlerMapping - Patterns [/webjars/**, /**, /imgs/**, /logs/**] in 'resourceHandlerMapping'
[2024-04-02 14:24:48:2125][main] DEBUG o.s.w.s.m.m.a.RequestMappingHandlerAdapter - ControllerAdvice beans: 0 @ModelAttribute, 0 @InitBinder, 1 RequestBodyAdvice, 1 ResponseBodyAdvice
[2024-04-02 14:24:48:2186][main] DEBUG o.s.w.s.m.m.a.ExceptionHandlerExceptionResolver - ControllerAdvice beans: 0 @ExceptionHandler, 1 ResponseBodyAdvice
[2024-04-02 14:24:50:4303][SpringApplicationShutdownHook] DEBUG o.s.w.c.s.GenericWebApplicationContext - Closing org.springframework.web.context.support.GenericWebApplicationContext@17ca8b92, started on Tue Apr 02 14:24:46 KST 2024
[2024-04-02 14:26:42:670][main] DEBUG o.s.w.c.s.GenericWebApplicationContext - Refreshing org.springframework.web.context.support.GenericWebApplicationContext@17ca8b92
[2024-04-02 14:26:44:2124][main] DEBUG o.s.w.s.m.m.a.RequestMappingHandlerMapping - 37 mappings in 'requestMappingHandlerMapping'
[2024-04-02 14:26:44:2242][main] DEBUG o.s.w.s.h.SimpleUrlHandlerMapping - Patterns [/webjars/**, /**, /imgs/**, /logs/**] in 'resourceHandlerMapping'
[2024-04-02 14:26:44:2294][main] DEBUG o.s.w.s.m.m.a.RequestMappingHandlerAdapter - ControllerAdvice beans: 0 @ModelAttribute, 0 @InitBinder, 1 RequestBodyAdvice, 1 ResponseBodyAdvice
[2024-04-02 14:26:44:2385][main] DEBUG o.s.w.s.m.m.a.ExceptionHandlerExceptionResolver - ControllerAdvice beans: 0 @ExceptionHandler, 1 ResponseBodyAdvice
[2024-04-02 14:26:46:4503][SpringApplicationShutdownHook] DEBUG o.s.w.c.s.GenericWebApplicationContext - Closing org.springframework.web.context.support.GenericWebApplicationContext@17ca8b92, started on Tue Apr 02 14:26:42 KST 2024
[2024-04-02 14:38:29:705][main] DEBUG o.s.w.c.s.GenericWebApplicationContext - Refreshing org.springframework.web.context.support.GenericWebApplicationContext@5491f68b
[2024-04-02 14:38:30:1997][main] DEBUG o.s.w.s.m.m.a.RequestMappingHandlerMapping - 37 mappings in 'requestMappingHandlerMapping'
[2024-04-02 14:38:30:2091][main] DEBUG o.s.w.s.h.SimpleUrlHandlerMapping - Patterns [/webjars/**, /**, /imgs/**, /logs/**] in 'resourceHandlerMapping'
[2024-04-02 14:38:30:2147][main] DEBUG o.s.w.s.m.m.a.RequestMappingHandlerAdapter - ControllerAdvice beans: 0 @ModelAttribute, 0 @InitBinder, 1 RequestBodyAdvice, 1 ResponseBodyAdvice
[2024-04-02 14:38:30:2202][main] DEBUG o.s.w.s.m.m.a.ExceptionHandlerExceptionResolver - ControllerAdvice beans: 0 @ExceptionHandler, 1 ResponseBodyAdvice
[2024-04-02 14:38:31:3098][SpringApplicationShutdownHook] DEBUG o.s.w.c.s.GenericWebApplicationContext - Closing org.springframework.web.context.support.GenericWebApplicationContext@5491f68b, started on Tue Apr 02 14:38:29 KST 2024
[2024-04-02 14:39:41:700][main] DEBUG o.s.w.c.s.GenericWebApplicationContext - Refreshing org.springframework.web.context.support.GenericWebApplicationContext@5491f68b
[2024-04-02 14:39:43:1996][main] DEBUG o.s.w.s.m.m.a.RequestMappingHandlerMapping - 37 mappings in 'requestMappingHandlerMapping'
[2024-04-02 14:39:43:2110][main] DEBUG o.s.w.s.h.SimpleUrlHandlerMapping - Patterns [/webjars/**, /**, /imgs/**, /logs/**] in 'resourceHandlerMapping'
[2024-04-02 14:39:43:2155][main] DEBUG o.s.w.s.m.m.a.RequestMappingHandlerAdapter - ControllerAdvice beans: 0 @ModelAttribute, 0 @InitBinder, 1 RequestBodyAdvice, 1 ResponseBodyAdvice
[2024-04-02 14:39:43:2216][main] DEBUG o.s.w.s.m.m.a.ExceptionHandlerExceptionResolver - ControllerAdvice beans: 0 @ExceptionHandler, 1 ResponseBodyAdvice
[2024-04-02 14:39:44:3112][SpringApplicationShutdownHook] DEBUG o.s.w.c.s.GenericWebApplicationContext - Closing org.springframework.web.context.support.GenericWebApplicationContext@5491f68b, started on Tue Apr 02 14:39:41 KST 2024
[2024-04-02 15:03:54:720][main] DEBUG o.s.w.c.s.GenericWebApplicationContext - Refreshing org.springframework.web.context.support.GenericWebApplicationContext@5491f68b
[2024-04-02 15:03:56:2232][main] DEBUG o.s.w.s.m.m.a.RequestMappingHandlerMapping - 37 mappings in 'requestMappingHandlerMapping'
[2024-04-02 15:03:56:2354][main] DEBUG o.s.w.s.h.SimpleUrlHandlerMapping - Patterns [/webjars/**, /**, /imgs/**, /logs/**] in 'resourceHandlerMapping'
[2024-04-02 15:03:56:2427][main] DEBUG o.s.w.s.m.m.a.RequestMappingHandlerAdapter - ControllerAdvice beans: 0 @ModelAttribute, 0 @InitBinder, 1 RequestBodyAdvice, 1 ResponseBodyAdvice
[2024-04-02 15:03:56:2473][main] DEBUG o.s.w.s.m.m.a.ExceptionHandlerExceptionResolver - ControllerAdvice beans: 0 @ExceptionHandler, 1 ResponseBodyAdvice
[2024-04-02 15:03:58:4533][SpringApplicationShutdownHook] DEBUG o.s.w.c.s.GenericWebApplicationContext - Closing org.springframework.web.context.support.GenericWebApplicationContext@5491f68b, started on Tue Apr 02 15:03:54 KST 2024
[2024-04-02 15:04:26:748][main] DEBUG o.s.w.c.s.GenericWebApplicationContext - Refreshing org.springframework.web.context.support.GenericWebApplicationContext@5491f68b
[2024-04-02 15:04:28:2181][main] DEBUG o.s.w.s.m.m.a.RequestMappingHandlerMapping - 37 mappings in 'requestMappingHandlerMapping'
[2024-04-02 15:04:28:2292][main] DEBUG o.s.w.s.h.SimpleUrlHandlerMapping - Patterns [/webjars/**, /**, /imgs/**, /logs/**] in 'resourceHandlerMapping'
[2024-04-02 15:04:28:2331][main] DEBUG o.s.w.s.m.m.a.RequestMappingHandlerAdapter - ControllerAdvice beans: 0 @ModelAttribute, 0 @InitBinder, 1 RequestBodyAdvice, 1 ResponseBodyAdvice
[2024-04-02 15:04:28:2390][main] DEBUG o.s.w.s.m.m.a.ExceptionHandlerExceptionResolver - ControllerAdvice beans: 0 @ExceptionHandler, 1 ResponseBodyAdvice
[2024-04-02 15:04:30:4508][SpringApplicationShutdownHook] DEBUG o.s.w.c.s.GenericWebApplicationContext - Closing org.springframework.web.context.support.GenericWebApplicationContext@5491f68b, started on Tue Apr 02 15:04:26 KST 2024
[2024-04-02 15:10:30:723][main] DEBUG o.s.w.c.s.GenericWebApplicationContext - Refreshing org.springframework.web.context.support.GenericWebApplicationContext@1ec7d8b3
[2024-04-02 15:10:31:2019][main] DEBUG o.s.w.s.m.m.a.RequestMappingHandlerMapping - 37 mappings in 'requestMappingHandlerMapping'
[2024-04-02 15:10:31:2132][main] DEBUG o.s.w.s.h.SimpleUrlHandlerMapping - Patterns [/webjars/**, /**, /imgs/**, /logs/**] in 'resourceHandlerMapping'
[2024-04-02 15:10:31:2176][main] DEBUG o.s.w.s.m.m.a.RequestMappingHandlerAdapter - ControllerAdvice beans: 0 @ModelAttribute, 0 @InitBinder, 1 RequestBodyAdvice, 1 ResponseBodyAdvice
[2024-04-02 15:10:31:2232][main] DEBUG o.s.w.s.m.m.a.ExceptionHandlerExceptionResolver - ControllerAdvice beans: 0 @ExceptionHandler, 1 ResponseBodyAdvice
[2024-04-02 15:10:33:4332][SpringApplicationShutdownHook] DEBUG o.s.w.c.s.GenericWebApplicationContext - Closing org.springframework.web.context.support.GenericWebApplicationContext@1ec7d8b3, started on Tue Apr 02 15:10:30 KST 2024
[2024-04-02 15:35:08:714][main] DEBUG o.s.w.c.s.GenericWebApplicationContext - Refreshing org.springframework.web.context.support.GenericWebApplicationContext@1ec7d8b3
[2024-04-02 15:35:09:1477][main] WARN  o.s.w.c.s.GenericWebApplicationContext - Exception encountered during context initialization - cancelling refresh attempt: org.springframework.beans.factory.UnsatisfiedDependencyException: Error creating bean with name 'custService' defined in file [C:\hanaspring\sb2\out\production\classes\com\hana\app\service\CustService.class]: Unsatisfied dependency expressed through constructor parameter 0: Error creating bean with name 'custRepository' defined in file [C:\hanaspring\sb2\out\production\classes\com\hana\app\repository\CustRepository.class]: Cannot resolve reference to bean 'sqlSessionTemplate' while setting bean property 'sqlSessionTemplate'
[2024-04-02 15:35:44:695][main] DEBUG o.s.w.c.s.GenericWebApplicationContext - Refreshing org.springframework.web.context.support.GenericWebApplicationContext@1ec7d8b3
[2024-04-02 15:35:45:1740][main] WARN  o.s.w.c.s.GenericWebApplicationContext - Exception encountered during context initialization - cancelling refresh attempt: org.springframework.beans.factory.UnsatisfiedDependencyException: Error creating bean with name 'custService' defined in file [C:\hanaspring\sb2\out\production\classes\com\hana\app\service\CustService.class]: Unsatisfied dependency expressed through constructor parameter 0: Error creating bean with name 'custRepository' defined in file [C:\hanaspring\sb2\out\production\classes\com\hana\app\repository\CustRepository.class]: Cannot resolve reference to bean 'sqlSessionTemplate' while setting bean property 'sqlSessionTemplate'
[2024-04-02 15:36:35:708][main] DEBUG o.s.w.c.s.GenericWebApplicationContext - Refreshing org.springframework.web.context.support.GenericWebApplicationContext@1ec7d8b3
[2024-04-02 15:36:36:1701][main] WARN  o.s.w.c.s.GenericWebApplicationContext - Exception encountered during context initialization - cancelling refresh attempt: org.springframework.beans.factory.UnsatisfiedDependencyException: Error creating bean with name 'custService' defined in file [C:\hanaspring\sb2\out\production\classes\com\hana\app\service\CustService.class]: Unsatisfied dependency expressed through constructor parameter 0: Error creating bean with name 'custRepository' defined in file [C:\hanaspring\sb2\out\production\classes\com\hana\app\repository\CustRepository.class]: Cannot resolve reference to bean 'sqlSessionTemplate' while setting bean property 'sqlSessionTemplate'
[2024-04-02 15:39:46:694][main] DEBUG o.s.w.c.s.GenericWebApplicationContext - Refreshing org.springframework.web.context.support.GenericWebApplicationContext@1ec7d8b3
[2024-04-02 15:39:47:1721][main] WARN  o.s.w.c.s.GenericWebApplicationContext - Exception encountered during context initialization - cancelling refresh attempt: org.springframework.beans.factory.UnsatisfiedDependencyException: Error creating bean with name 'custService' defined in file [C:\hanaspring\sb2\out\production\classes\com\hana\app\service\CustService.class]: Unsatisfied dependency expressed through constructor parameter 0: Error creating bean with name 'custRepository' defined in file [C:\hanaspring\sb2\out\production\classes\com\hana\app\repository\CustRepository.class]: Cannot resolve reference to bean 'sqlSessionTemplate' while setting bean property 'sqlSessionTemplate'
[2024-04-02 15:40:17:697][main] DEBUG o.s.w.c.s.GenericWebApplicationContext - Refreshing org.springframework.web.context.support.GenericWebApplicationContext@1ec7d8b3
[2024-04-02 15:40:18:1692][main] WARN  o.s.w.c.s.GenericWebApplicationContext - Exception encountered during context initialization - cancelling refresh attempt: org.springframework.beans.factory.UnsatisfiedDependencyException: Error creating bean with name 'custService' defined in file [C:\hanaspring\sb2\out\production\classes\com\hana\app\service\CustService.class]: Unsatisfied dependency expressed through constructor parameter 0: Error creating bean with name 'custRepository' defined in file [C:\hanaspring\sb2\out\production\classes\com\hana\app\repository\CustRepository.class]: Cannot resolve reference to bean 'sqlSessionTemplate' while setting bean property 'sqlSessionTemplate'
[2024-04-02 15:59:34:1134][main] DEBUG o.s.w.c.s.GenericWebApplicationContext - Refreshing org.springframework.web.context.support.GenericWebApplicationContext@1ec7d8b3
[2024-04-02 15:59:36:2535][main] WARN  o.s.w.c.s.GenericWebApplicationContext - Exception encountered during context initialization - cancelling refresh attempt: org.springframework.beans.factory.UnsatisfiedDependencyException: Error creating bean with name 'custService' defined in file [C:\hanaspring\sb2\out\production\classes\com\hana\app\service\CustService.class]: Unsatisfied dependency expressed through constructor parameter 0: Error creating bean with name 'custRepository' defined in file [C:\hanaspring\sb2\out\production\classes\com\hana\app\repository\CustRepository.class]: Cannot resolve reference to bean 'sqlSessionTemplate' while setting bean property 'sqlSessionTemplate'
[2024-04-02 15:59:48:1241][main] DEBUG o.s.w.c.s.GenericWebApplicationContext - Refreshing org.springframework.web.context.support.GenericWebApplicationContext@591fd34d
[2024-04-02 15:59:50:2984][main] WARN  o.s.w.c.s.GenericWebApplicationContext - Exception encountered during context initialization - cancelling refresh attempt: org.springframework.beans.factory.UnsatisfiedDependencyException: Error creating bean with name 'custService' defined in file [C:\hanaspring\sb2\out\production\classes\com\hana\app\service\CustService.class]: Unsatisfied dependency expressed through constructor parameter 0: Error creating bean with name 'custRepository' defined in file [C:\hanaspring\sb2\out\production\classes\com\hana\app\repository\CustRepository.class]: Cannot resolve reference to bean 'sqlSessionTemplate' while setting bean property 'sqlSessionTemplate'
[2024-04-02 16:01:18:1041][main] DEBUG o.s.w.c.s.GenericWebApplicationContext - Refreshing org.springframework.web.context.support.GenericWebApplicationContext@1ec7d8b3
[2024-04-02 16:01:20:2405][main] WARN  o.s.w.c.s.GenericWebApplicationContext - Exception encountered during context initialization - cancelling refresh attempt: org.springframework.beans.factory.UnsatisfiedDependencyException: Error creating bean with name 'custService' defined in file [C:\hanaspring\sb2\out\production\classes\com\hana\app\service\CustService.class]: Unsatisfied dependency expressed through constructor parameter 0: Error creating bean with name 'custRepository' defined in file [C:\hanaspring\sb2\out\production\classes\com\hana\app\repository\CustRepository.class]: Cannot resolve reference to bean 'sqlSessionTemplate' while setting bean property 'sqlSessionTemplate'
[2024-04-02 16:02:11:1072][main] DEBUG o.s.w.c.s.GenericWebApplicationContext - Refreshing org.springframework.web.context.support.GenericWebApplicationContext@1ec7d8b3
[2024-04-02 16:02:13:2470][main] WARN  o.s.w.c.s.GenericWebApplicationContext - Exception encountered during context initialization - cancelling refresh attempt: org.springframework.beans.factory.UnsatisfiedDependencyException: Error creating bean with name 'custService' defined in file [C:\hanaspring\sb2\out\production\classes\com\hana\app\service\CustService.class]: Unsatisfied dependency expressed through constructor parameter 0: Error creating bean with name 'custRepository' defined in file [C:\hanaspring\sb2\out\production\classes\com\hana\app\repository\CustRepository.class]: Cannot resolve reference to bean 'sqlSessionTemplate' while setting bean property 'sqlSessionTemplate'
[2024-04-02 16:07:23:715][main] DEBUG o.s.w.c.s.GenericWebApplicationContext - Refreshing org.springframework.web.context.support.GenericWebApplicationContext@1ec7d8b3
[2024-04-02 16:07:24:1739][main] WARN  o.s.w.c.s.GenericWebApplicationContext - Exception encountered during context initialization - cancelling refresh attempt: org.springframework.beans.factory.UnsatisfiedDependencyException: Error creating bean with name 'custService' defined in file [C:\hanaspring\sb2\out\production\classes\com\hana\app\service\CustService.class]: Unsatisfied dependency expressed through constructor parameter 0: Error creating bean with name 'custRepository' defined in file [C:\hanaspring\sb2\out\production\classes\com\hana\app\repository\CustRepository.class]: Cannot resolve reference to bean 'sqlSessionTemplate' while setting bean property 'sqlSessionTemplate'
